
--------------    Input Records    --------------

------Record 1------: org 1000

------Record 2------: alpha word 1000

------Record 3------: 

------Record 4------: org 2000

------Record 5------: mov #1, alpha

------Record 6------: mov #2, alpha

------Record 7------: mov #3, alpha

------Record 8------: end 2000

--------------    Symbol Table    --------------
Name: alpha		Value: 1000		Type: Label
Name: R15		Value: 15		Type: Register
Name: R14		Value: 14		Type: Register
Name: R13		Value: 13		Type: Register
Name: R12		Value: 12		Type: Register
Name: R11		Value: 11		Type: Register
Name: R10		Value: 10		Type: Register
Name: R9		Value: 9		Type: Register
Name: R8		Value: 8		Type: Register
Name: R7		Value: 7		Type: Register
Name: R6		Value: 6		Type: Register
Name: R5		Value: 5		Type: Register
Name: R4		Value: 4		Type: Register
Name: R3		Value: 3		Type: Register
Name: SR		Value: 2		Type: Register
Name: R2		Value: 2		Type: Register
Name: SP		Value: 1		Type: Register
Name: R1		Value: 1		Type: Register
Name: PC		Value: 0		Type: Register
Name: R0		Value: 0		Type: Register

--------------Second Pass Diagnostic Opcode--------------
Notes: This file contains the record number and corresponding opcode. The opcode
is categorized into instruction opcode, and source and destination operand values.
A value of 0000 means non-existing value

----------RECORD: 1----------

----------RECORD: 2----------

----------RECORD: 4----------

----------RECORD: 5----------
Instruction Opcode: 4390
Source Value: 0000
Destination Value: fffffc14

----------RECORD: 6----------
Instruction Opcode: 43a0
Source Value: 0000
Destination Value: fffffc10

----------RECORD: 7----------
Instruction Opcode: 40b0
Source Value: 0003
Destination Value: fffffc0a
